{"C:\\Users\\LENOVO\\Downloads\\Phase 2 Hactiv\\IP-HCK84\\server IP-1\\app.js": {"path":"C:\\Users\\LENOVO\\Downloads\\Phase 2 Hactiv\\IP-HCK84\\server IP-1\\app.js","statementMap":{"0":{"start":{"line":1,"column":0},"end":{"line":1,"column":27}},"1":{"start":{"line":2,"column":16},"end":{"line":2,"column":34}},"2":{"start":{"line":3,"column":13},"end":{"line":3,"column":28}},"3":{"start":{"line":5,"column":15},"end":{"line":5,"column":40}},"4":{"start":{"line":7,"column":12},"end":{"line":7,"column":21}},"5":{"start":{"line":12,"column":21},"end":{"line":12,"column":58}},"6":{"start":{"line":16,"column":0},"end":{"line":21,"column":2}},"7":{"start":{"line":23,"column":0},"end":{"line":23,"column":24}},"8":{"start":{"line":24,"column":0},"end":{"line":24,"column":48}},"9":{"start":{"line":27,"column":0},"end":{"line":33,"column":3}},"10":{"start":{"line":28,"column":2},"end":{"line":32,"column":5}},"11":{"start":{"line":37,"column":0},"end":{"line":37,"column":21}},"12":{"start":{"line":40,"column":0},"end":{"line":45,"column":3}},"13":{"start":{"line":41,"column":2},"end":{"line":44,"column":5}},"14":{"start":{"line":48,"column":0},"end":{"line":48,"column":22}},"15":{"start":{"line":51,"column":13},"end":{"line":51,"column":37}},"16":{"start":{"line":53,"column":0},"end":{"line":58,"column":1}},"17":{"start":{"line":54,"column":2},"end":{"line":57,"column":5}},"18":{"start":{"line":55,"column":4},"end":{"line":55,"column":66}},"19":{"start":{"line":56,"column":4},"end":{"line":56,"column":73}},"20":{"start":{"line":60,"column":0},"end":{"line":60,"column":21}}},"fnMap":{"0":{"name":"(anonymous_0)","decl":{"start":{"line":27,"column":23},"end":{"line":27,"column":24}},"loc":{"start":{"line":27,"column":37},"end":{"line":33,"column":1}},"line":27},"1":{"name":"(anonymous_1)","decl":{"start":{"line":40,"column":8},"end":{"line":40,"column":9}},"loc":{"start":{"line":40,"column":22},"end":{"line":45,"column":1}},"line":40},"2":{"name":"(anonymous_2)","decl":{"start":{"line":54,"column":19},"end":{"line":54,"column":20}},"loc":{"start":{"line":54,"column":25},"end":{"line":57,"column":3}},"line":54}},"branchMap":{"0":{"loc":{"start":{"line":18,"column":12},"end":{"line":18,"column":61}},"type":"binary-expr","locations":[{"start":{"line":18,"column":12},"end":{"line":18,"column":34}},{"start":{"line":18,"column":38},"end":{"line":18,"column":61}}],"line":18},"1":{"loc":{"start":{"line":51,"column":13},"end":{"line":51,"column":37}},"type":"binary-expr","locations":[{"start":{"line":51,"column":13},"end":{"line":51,"column":29}},{"start":{"line":51,"column":33},"end":{"line":51,"column":37}}],"line":51},"2":{"loc":{"start":{"line":53,"column":0},"end":{"line":58,"column":1}},"type":"if","locations":[{"start":{"line":53,"column":0},"end":{"line":58,"column":1}},{"start":{},"end":{}}],"line":53},"3":{"loc":{"start":{"line":56,"column":32},"end":{"line":56,"column":69}},"type":"binary-expr","locations":[{"start":{"line":56,"column":32},"end":{"line":56,"column":52}},{"start":{"line":56,"column":56},"end":{"line":56,"column":69}}],"line":56}},"s":{"0":3,"1":3,"2":3,"3":3,"4":3,"5":3,"6":3,"7":3,"8":3,"9":3,"10":5,"11":3,"12":3,"13":2,"14":3,"15":3,"16":3,"17":0,"18":0,"19":0,"20":3},"f":{"0":5,"1":2,"2":0},"b":{"0":[3,3],"1":[3,3],"2":[0,3],"3":[0,0]},"_coverageSchema":"1a1c01bbd47fc00a2c39e90264f33305004495a9","hash":"d9d35808dd9cda35dc515082bd915fd194f4e1cc"}
,"C:\\Users\\LENOVO\\Downloads\\Phase 2 Hactiv\\IP-HCK84\\server IP-1\\controllers\\codecheckController.js": {"path":"C:\\Users\\LENOVO\\Downloads\\Phase 2 Hactiv\\IP-HCK84\\server IP-1\\controllers\\codecheckController.js","statementMap":{"0":{"start":{"line":1,"column":14},"end":{"line":1,"column":30}},"1":{"start":{"line":2,"column":15},"end":{"line":2,"column":32}},"2":{"start":{"line":5,"column":31},"end":{"line":5,"column":67}},"3":{"start":{"line":9,"column":24},"end":{"line":48,"column":1}},"4":{"start":{"line":52,"column":27},"end":{"line":52,"column":42}},"5":{"start":{"line":64,"column":4},"end":{"line":70,"column":5}},"6":{"start":{"line":65,"column":6},"end":{"line":65,"column":25}},"7":{"start":{"line":66,"column":37},"end":{"line":66,"column":45}},"8":{"start":{"line":67,"column":6},"end":{"line":67,"column":63}},"9":{"start":{"line":69,"column":6},"end":{"line":69,"column":27}},"10":{"start":{"line":73,"column":4},"end":{"line":223,"column":5}},"11":{"start":{"line":74,"column":6},"end":{"line":74,"column":32}},"12":{"start":{"line":76,"column":37},"end":{"line":76,"column":45}},"13":{"start":{"line":80,"column":28},"end":{"line":80,"column":55}},"14":{"start":{"line":83,"column":6},"end":{"line":92,"column":7}},"15":{"start":{"line":88,"column":8},"end":{"line":91,"column":10}},"16":{"start":{"line":93,"column":6},"end":{"line":98,"column":7}},"17":{"start":{"line":94,"column":8},"end":{"line":97,"column":10}},"18":{"start":{"line":99,"column":6},"end":{"line":109,"column":7}},"19":{"start":{"line":101,"column":8},"end":{"line":103,"column":10}},"20":{"start":{"line":104,"column":8},"end":{"line":108,"column":10}},"21":{"start":{"line":114,"column":27},"end":{"line":154,"column":14}},"22":{"start":{"line":159,"column":34},"end":{"line":162,"column":7}},"23":{"start":{"line":167,"column":30},"end":{"line":173,"column":7}},"24":{"start":{"line":179,"column":30},"end":{"line":193,"column":7}},"25":{"start":{"line":197,"column":6},"end":{"line":203,"column":9}},"26":{"start":{"line":206,"column":6},"end":{"line":206,"column":25}},"27":{"start":{"line":207,"column":6},"end":{"line":210,"column":8}},"28":{"start":{"line":212,"column":6},"end":{"line":220,"column":7}},"29":{"start":{"line":213,"column":8},"end":{"line":213,"column":64}},"30":{"start":{"line":214,"column":13},"end":{"line":220,"column":7}},"31":{"start":{"line":217,"column":8},"end":{"line":219,"column":44}},"32":{"start":{"line":222,"column":6},"end":{"line":222,"column":18}},"33":{"start":{"line":227,"column":0},"end":{"line":227,"column":37}}},"fnMap":{"0":{"name":"(anonymous_0)","decl":{"start":{"line":63,"column":2},"end":{"line":63,"column":3}},"loc":{"start":{"line":63,"column":35},"end":{"line":71,"column":3}},"line":63},"1":{"name":"(anonymous_1)","decl":{"start":{"line":72,"column":2},"end":{"line":72,"column":3}},"loc":{"start":{"line":72,"column":50},"end":{"line":224,"column":3}},"line":72}},"branchMap":{"0":{"loc":{"start":{"line":83,"column":6},"end":{"line":92,"column":7}},"type":"if","locations":[{"start":{"line":83,"column":6},"end":{"line":92,"column":7}},{"start":{},"end":{}}],"line":83},"1":{"loc":{"start":{"line":84,"column":8},"end":{"line":86,"column":40}},"type":"binary-expr","locations":[{"start":{"line":84,"column":8},"end":{"line":84,"column":21}},{"start":{"line":85,"column":8},"end":{"line":85,"column":40}},{"start":{"line":86,"column":8},"end":{"line":86,"column":40}}],"line":84},"2":{"loc":{"start":{"line":93,"column":6},"end":{"line":98,"column":7}},"type":"if","locations":[{"start":{"line":93,"column":6},"end":{"line":98,"column":7}},{"start":{},"end":{}}],"line":93},"3":{"loc":{"start":{"line":93,"column":10},"end":{"line":93,"column":71}},"type":"binary-expr","locations":[{"start":{"line":93,"column":10},"end":{"line":93,"column":15}},{"start":{"line":93,"column":19},"end":{"line":93,"column":43}},{"start":{"line":93,"column":47},"end":{"line":93,"column":71}}],"line":93},"4":{"loc":{"start":{"line":99,"column":6},"end":{"line":109,"column":7}},"type":"if","locations":[{"start":{"line":99,"column":6},"end":{"line":109,"column":7}},{"start":{},"end":{}}],"line":99},"5":{"loc":{"start":{"line":212,"column":6},"end":{"line":220,"column":7}},"type":"if","locations":[{"start":{"line":212,"column":6},"end":{"line":220,"column":7}},{"start":{"line":214,"column":13},"end":{"line":220,"column":7}}],"line":212},"6":{"loc":{"start":{"line":212,"column":10},"end":{"line":212,"column":76}},"type":"binary-expr","locations":[{"start":{"line":212,"column":10},"end":{"line":212,"column":37}},{"start":{"line":212,"column":41},"end":{"line":212,"column":76}}],"line":212},"7":{"loc":{"start":{"line":214,"column":13},"end":{"line":220,"column":7}},"type":"if","locations":[{"start":{"line":214,"column":13},"end":{"line":220,"column":7}},{"start":{},"end":{}}],"line":214},"8":{"loc":{"start":{"line":218,"column":18},"end":{"line":218,"column":41}},"type":"binary-expr","locations":[{"start":{"line":218,"column":18},"end":{"line":218,"column":34}},{"start":{"line":218,"column":38},"end":{"line":218,"column":41}}],"line":218}},"s":{"0":3,"1":3,"2":3,"3":3,"4":3,"5":0,"6":0,"7":0,"8":0,"9":0,"10":26,"11":26,"12":26,"13":26,"14":26,"15":6,"16":20,"17":6,"18":14,"19":4,"20":4,"21":10,"22":10,"23":6,"24":6,"25":2,"26":24,"27":24,"28":24,"29":18,"30":6,"31":2,"32":4,"33":3},"f":{"0":0,"1":26},"b":{"0":[6,20],"1":[26,24,22],"2":[6,14],"3":[20,16,14],"4":[4,10],"5":[18,6],"6":[24,10],"7":[2,4],"8":[2,0]},"_coverageSchema":"1a1c01bbd47fc00a2c39e90264f33305004495a9","hash":"e6f9810390491966110784879cb3d6661246e6ca"}
,"C:\\Users\\LENOVO\\Downloads\\Phase 2 Hactiv\\IP-HCK84\\server IP-1\\controllers\\todoistController.js": {"path":"C:\\Users\\LENOVO\\Downloads\\Phase 2 Hactiv\\IP-HCK84\\server IP-1\\controllers\\todoistController.js","statementMap":{"0":{"start":{"line":1,"column":14},"end":{"line":1,"column":30}},"1":{"start":{"line":4,"column":25},"end":{"line":4,"column":58}},"2":{"start":{"line":8,"column":19},"end":{"line":8,"column":46}},"3":{"start":{"line":10,"column":4},"end":{"line":20,"column":5}},"4":{"start":{"line":12,"column":6},"end":{"line":14,"column":8}},"5":{"start":{"line":15,"column":6},"end":{"line":19,"column":8}},"6":{"start":{"line":21,"column":4},"end":{"line":21,"column":18}},"7":{"start":{"line":27,"column":4},"end":{"line":55,"column":5}},"8":{"start":{"line":28,"column":6},"end":{"line":28,"column":27}},"9":{"start":{"line":29,"column":28},"end":{"line":29,"column":57}},"10":{"start":{"line":30,"column":6},"end":{"line":30,"column":59}},"11":{"start":{"line":32,"column":23},"end":{"line":39,"column":8}},"12":{"start":{"line":44,"column":6},"end":{"line":44,"column":42}},"13":{"start":{"line":46,"column":6},"end":{"line":46,"column":75}},"14":{"start":{"line":48,"column":6},"end":{"line":54,"column":9}},"15":{"start":{"line":61,"column":4},"end":{"line":162,"column":5}},"16":{"start":{"line":62,"column":6},"end":{"line":62,"column":38}},"17":{"start":{"line":63,"column":28},"end":{"line":63,"column":57}},"18":{"start":{"line":64,"column":47},"end":{"line":64,"column":55}},"19":{"start":{"line":66,"column":6},"end":{"line":66,"column":38}},"20":{"start":{"line":68,"column":6},"end":{"line":79,"column":7}},"21":{"start":{"line":74,"column":8},"end":{"line":78,"column":10}},"22":{"start":{"line":81,"column":37},"end":{"line":81,"column":56}},"23":{"start":{"line":84,"column":30},"end":{"line":87,"column":7}},"24":{"start":{"line":89,"column":6},"end":{"line":89,"column":75}},"25":{"start":{"line":91,"column":31},"end":{"line":100,"column":8}},"26":{"start":{"line":102,"column":25},"end":{"line":102,"column":49}},"27":{"start":{"line":103,"column":27},"end":{"line":103,"column":50}},"28":{"start":{"line":106,"column":6},"end":{"line":145,"column":7}},"29":{"start":{"line":107,"column":8},"end":{"line":113,"column":9}},"30":{"start":{"line":108,"column":10},"end":{"line":111,"column":12}},"31":{"start":{"line":112,"column":10},"end":{"line":112,"column":19}},"32":{"start":{"line":115,"column":31},"end":{"line":120,"column":9}},"33":{"start":{"line":122,"column":32},"end":{"line":131,"column":10}},"34":{"start":{"line":132,"column":8},"end":{"line":132,"column":48}},"35":{"start":{"line":135,"column":8},"end":{"line":144,"column":9}},"36":{"start":{"line":136,"column":10},"end":{"line":143,"column":13}},"37":{"start":{"line":148,"column":6},"end":{"line":152,"column":9}},"38":{"start":{"line":154,"column":6},"end":{"line":154,"column":77}},"39":{"start":{"line":155,"column":6},"end":{"line":161,"column":9}},"40":{"start":{"line":169,"column":4},"end":{"line":205,"column":5}},"41":{"start":{"line":170,"column":28},"end":{"line":170,"column":57}},"42":{"start":{"line":171,"column":21},"end":{"line":171,"column":31}},"43":{"start":{"line":172,"column":22},"end":{"line":172,"column":30}},"44":{"start":{"line":174,"column":6},"end":{"line":179,"column":7}},"45":{"start":{"line":175,"column":8},"end":{"line":178,"column":10}},"46":{"start":{"line":180,"column":6},"end":{"line":182,"column":7}},"47":{"start":{"line":181,"column":8},"end":{"line":181,"column":74}},"48":{"start":{"line":185,"column":23},"end":{"line":194,"column":8}},"49":{"start":{"line":196,"column":6},"end":{"line":196,"column":42}},"50":{"start":{"line":198,"column":6},"end":{"line":198,"column":77}},"51":{"start":{"line":199,"column":6},"end":{"line":204,"column":9}},"52":{"start":{"line":210,"column":4},"end":{"line":239,"column":5}},"53":{"start":{"line":211,"column":28},"end":{"line":211,"column":57}},"54":{"start":{"line":212,"column":21},"end":{"line":212,"column":31}},"55":{"start":{"line":214,"column":6},"end":{"line":219,"column":7}},"56":{"start":{"line":215,"column":8},"end":{"line":218,"column":10}},"57":{"start":{"line":221,"column":23},"end":{"line":227,"column":8}},"58":{"start":{"line":230,"column":6},"end":{"line":230,"column":29}},"59":{"start":{"line":232,"column":6},"end":{"line":232,"column":77}},"60":{"start":{"line":233,"column":6},"end":{"line":238,"column":9}},"61":{"start":{"line":245,"column":4},"end":{"line":274,"column":5}},"62":{"start":{"line":246,"column":28},"end":{"line":246,"column":57}},"63":{"start":{"line":247,"column":21},"end":{"line":247,"column":31}},"64":{"start":{"line":249,"column":6},"end":{"line":254,"column":7}},"65":{"start":{"line":250,"column":8},"end":{"line":253,"column":10}},"66":{"start":{"line":256,"column":6},"end":{"line":263,"column":9}},"67":{"start":{"line":265,"column":6},"end":{"line":265,"column":29}},"68":{"start":{"line":267,"column":6},"end":{"line":267,"column":79}},"69":{"start":{"line":268,"column":6},"end":{"line":273,"column":9}},"70":{"start":{"line":278,"column":0},"end":{"line":278,"column":35}}},"fnMap":{"0":{"name":"(anonymous_0)","decl":{"start":{"line":7,"column":2},"end":{"line":7,"column":3}},"loc":{"start":{"line":7,"column":21},"end":{"line":22,"column":3}},"line":7},"1":{"name":"(anonymous_1)","decl":{"start":{"line":26,"column":2},"end":{"line":26,"column":3}},"loc":{"start":{"line":26,"column":40},"end":{"line":56,"column":3}},"line":26},"2":{"name":"(anonymous_2)","decl":{"start":{"line":60,"column":2},"end":{"line":60,"column":3}},"loc":{"start":{"line":60,"column":42},"end":{"line":163,"column":3}},"line":60},"3":{"name":"(anonymous_3)","decl":{"start":{"line":168,"column":2},"end":{"line":168,"column":3}},"loc":{"start":{"line":168,"column":42},"end":{"line":206,"column":3}},"line":168},"4":{"name":"(anonymous_4)","decl":{"start":{"line":209,"column":2},"end":{"line":209,"column":3}},"loc":{"start":{"line":209,"column":42},"end":{"line":240,"column":3}},"line":209},"5":{"name":"(anonymous_5)","decl":{"start":{"line":244,"column":2},"end":{"line":244,"column":3}},"loc":{"start":{"line":244,"column":44},"end":{"line":275,"column":3}},"line":244}},"branchMap":{"0":{"loc":{"start":{"line":10,"column":4},"end":{"line":20,"column":5}},"type":"if","locations":[{"start":{"line":10,"column":4},"end":{"line":20,"column":5}},{"start":{},"end":{}}],"line":10},"1":{"loc":{"start":{"line":51,"column":10},"end":{"line":52,"column":50}},"type":"binary-expr","locations":[{"start":{"line":51,"column":10},"end":{"line":51,"column":37}},{"start":{"line":52,"column":10},"end":{"line":52,"column":50}}],"line":51},"2":{"loc":{"start":{"line":53,"column":20},"end":{"line":53,"column":49}},"type":"binary-expr","locations":[{"start":{"line":53,"column":20},"end":{"line":53,"column":42}},{"start":{"line":53,"column":46},"end":{"line":53,"column":49}}],"line":53},"3":{"loc":{"start":{"line":68,"column":6},"end":{"line":79,"column":7}},"type":"if","locations":[{"start":{"line":68,"column":6},"end":{"line":79,"column":7}},{"start":{},"end":{}}],"line":68},"4":{"loc":{"start":{"line":69,"column":8},"end":{"line":72,"column":36}},"type":"binary-expr","locations":[{"start":{"line":69,"column":8},"end":{"line":69,"column":16}},{"start":{"line":70,"column":8},"end":{"line":70,"column":28}},{"start":{"line":71,"column":8},"end":{"line":71,"column":38}},{"start":{"line":72,"column":8},"end":{"line":72,"column":36}}],"line":69},"5":{"loc":{"start":{"line":107,"column":8},"end":{"line":113,"column":9}},"type":"if","locations":[{"start":{"line":107,"column":8},"end":{"line":113,"column":9}},{"start":{},"end":{}}],"line":107},"6":{"loc":{"start":{"line":135,"column":8},"end":{"line":144,"column":9}},"type":"if","locations":[{"start":{"line":135,"column":8},"end":{"line":144,"column":9}},{"start":{},"end":{}}],"line":135},"7":{"loc":{"start":{"line":158,"column":10},"end":{"line":159,"column":96}},"type":"binary-expr","locations":[{"start":{"line":158,"column":10},"end":{"line":158,"column":37}},{"start":{"line":159,"column":10},"end":{"line":159,"column":96}}],"line":158},"8":{"loc":{"start":{"line":160,"column":20},"end":{"line":160,"column":49}},"type":"binary-expr","locations":[{"start":{"line":160,"column":20},"end":{"line":160,"column":42}},{"start":{"line":160,"column":46},"end":{"line":160,"column":49}}],"line":160},"9":{"loc":{"start":{"line":174,"column":6},"end":{"line":179,"column":7}},"type":"if","locations":[{"start":{"line":174,"column":6},"end":{"line":179,"column":7}},{"start":{},"end":{}}],"line":174},"10":{"loc":{"start":{"line":180,"column":6},"end":{"line":182,"column":7}},"type":"if","locations":[{"start":{"line":180,"column":6},"end":{"line":182,"column":7}},{"start":{},"end":{}}],"line":180},"11":{"loc":{"start":{"line":202,"column":10},"end":{"line":202,"column":76}},"type":"binary-expr","locations":[{"start":{"line":202,"column":10},"end":{"line":202,"column":37}},{"start":{"line":202,"column":41},"end":{"line":202,"column":76}}],"line":202},"12":{"loc":{"start":{"line":203,"column":20},"end":{"line":203,"column":49}},"type":"binary-expr","locations":[{"start":{"line":203,"column":20},"end":{"line":203,"column":42}},{"start":{"line":203,"column":46},"end":{"line":203,"column":49}}],"line":203},"13":{"loc":{"start":{"line":214,"column":6},"end":{"line":219,"column":7}},"type":"if","locations":[{"start":{"line":214,"column":6},"end":{"line":219,"column":7}},{"start":{},"end":{}}],"line":214},"14":{"loc":{"start":{"line":236,"column":10},"end":{"line":236,"column":78}},"type":"binary-expr","locations":[{"start":{"line":236,"column":10},"end":{"line":236,"column":37}},{"start":{"line":236,"column":41},"end":{"line":236,"column":78}}],"line":236},"15":{"loc":{"start":{"line":237,"column":20},"end":{"line":237,"column":49}},"type":"binary-expr","locations":[{"start":{"line":237,"column":20},"end":{"line":237,"column":42}},{"start":{"line":237,"column":46},"end":{"line":237,"column":49}}],"line":237},"16":{"loc":{"start":{"line":249,"column":6},"end":{"line":254,"column":7}},"type":"if","locations":[{"start":{"line":249,"column":6},"end":{"line":254,"column":7}},{"start":{},"end":{}}],"line":249},"17":{"loc":{"start":{"line":271,"column":10},"end":{"line":271,"column":78}},"type":"binary-expr","locations":[{"start":{"line":271,"column":10},"end":{"line":271,"column":37}},{"start":{"line":271,"column":41},"end":{"line":271,"column":78}}],"line":271},"18":{"loc":{"start":{"line":272,"column":20},"end":{"line":272,"column":49}},"type":"binary-expr","locations":[{"start":{"line":272,"column":20},"end":{"line":272,"column":42}},{"start":{"line":272,"column":46},"end":{"line":272,"column":49}}],"line":272}},"s":{"0":3,"1":3,"2":24,"3":24,"4":20,"5":20,"6":4,"7":6,"8":6,"9":6,"10":4,"11":4,"12":1,"13":5,"14":5,"15":8,"16":8,"17":8,"18":0,"19":0,"20":0,"21":0,"22":0,"23":0,"24":0,"25":0,"26":0,"27":0,"28":0,"29":0,"30":0,"31":0,"32":0,"33":0,"34":0,"35":0,"36":0,"37":0,"38":8,"39":8,"40":6,"41":6,"42":0,"43":0,"44":0,"45":0,"46":0,"47":0,"48":0,"49":0,"50":6,"51":6,"52":4,"53":4,"54":0,"55":0,"56":0,"57":0,"58":0,"59":4,"60":4,"61":0,"62":0,"63":0,"64":0,"65":0,"66":0,"67":0,"68":0,"69":0,"70":3},"f":{"0":24,"1":6,"2":8,"3":6,"4":4,"5":0},"b":{"0":[20,4],"1":[5,4],"2":[5,4],"3":[0,0],"4":[0,0,0,0],"5":[0,0],"6":[0,0],"7":[8,8],"8":[8,8],"9":[0,0],"10":[0,0],"11":[6,6],"12":[6,6],"13":[0,0],"14":[4,4],"15":[4,4],"16":[0,0],"17":[0,0],"18":[0,0]},"_coverageSchema":"1a1c01bbd47fc00a2c39e90264f33305004495a9","hash":"2a04d1f6ad009f3bcb6ad98105d443ff9231f0bd"}
,"C:\\Users\\LENOVO\\Downloads\\Phase 2 Hactiv\\IP-HCK84\\server IP-1\\controllers\\userController.js": {"path":"C:\\Users\\LENOVO\\Downloads\\Phase 2 Hactiv\\IP-HCK84\\server IP-1\\controllers\\userController.js","statementMap":{"0":{"start":{"line":1,"column":25},"end":{"line":1,"column":55}},"1":{"start":{"line":2,"column":42},"end":{"line":2,"column":71}},"2":{"start":{"line":3,"column":22},"end":{"line":3,"column":47}},"3":{"start":{"line":4,"column":17},"end":{"line":4,"column":37}},"4":{"start":{"line":8,"column":4},"end":{"line":14,"column":5}},"5":{"start":{"line":9,"column":19},"end":{"line":9,"column":46}},"6":{"start":{"line":10,"column":6},"end":{"line":10,"column":33}},"7":{"start":{"line":12,"column":6},"end":{"line":12,"column":25}},"8":{"start":{"line":13,"column":6},"end":{"line":13,"column":18}},"9":{"start":{"line":18,"column":4},"end":{"line":36,"column":5}},"10":{"start":{"line":19,"column":34},"end":{"line":19,"column":42}},"11":{"start":{"line":20,"column":19},"end":{"line":20,"column":59}},"12":{"start":{"line":22,"column":6},"end":{"line":24,"column":7}},"13":{"start":{"line":23,"column":8},"end":{"line":23,"column":78}},"14":{"start":{"line":26,"column":30},"end":{"line":26,"column":70}},"15":{"start":{"line":27,"column":6},"end":{"line":29,"column":7}},"16":{"start":{"line":28,"column":8},"end":{"line":28,"column":78}},"17":{"start":{"line":31,"column":20},"end":{"line":31,"column":65}},"18":{"start":{"line":32,"column":6},"end":{"line":32,"column":55}},"19":{"start":{"line":34,"column":6},"end":{"line":34,"column":25}},"20":{"start":{"line":35,"column":6},"end":{"line":35,"column":18}},"21":{"start":{"line":40,"column":4},"end":{"line":111,"column":5}},"22":{"start":{"line":41,"column":30},"end":{"line":41,"column":38}},"23":{"start":{"line":42,"column":6},"end":{"line":44,"column":7}},"24":{"start":{"line":43,"column":8},"end":{"line":43,"column":74}},"25":{"start":{"line":46,"column":21},"end":{"line":46,"column":39}},"26":{"start":{"line":48,"column":21},"end":{"line":51,"column":8}},"27":{"start":{"line":52,"column":22},"end":{"line":52,"column":41}},"28":{"start":{"line":58,"column":6},"end":{"line":60,"column":9}},"29":{"start":{"line":62,"column":6},"end":{"line":103,"column":7}},"30":{"start":{"line":65,"column":8},"end":{"line":65,"column":69}},"31":{"start":{"line":69,"column":8},"end":{"line":71,"column":11}},"32":{"start":{"line":73,"column":8},"end":{"line":102,"column":9}},"33":{"start":{"line":76,"column":10},"end":{"line":82,"column":11}},"34":{"start":{"line":77,"column":12},"end":{"line":80,"column":15}},"35":{"start":{"line":81,"column":12},"end":{"line":81,"column":76}},"36":{"start":{"line":89,"column":10},"end":{"line":100,"column":13}},"37":{"start":{"line":101,"column":10},"end":{"line":101,"column":66}},"38":{"start":{"line":106,"column":27},"end":{"line":106,"column":53}},"39":{"start":{"line":107,"column":6},"end":{"line":107,"column":45}},"40":{"start":{"line":109,"column":6},"end":{"line":109,"column":62}},"41":{"start":{"line":110,"column":6},"end":{"line":110,"column":18}},"42":{"start":{"line":114,"column":0},"end":{"line":114,"column":32}}},"fnMap":{"0":{"name":"(anonymous_0)","decl":{"start":{"line":7,"column":2},"end":{"line":7,"column":3}},"loc":{"start":{"line":7,"column":40},"end":{"line":15,"column":3}},"line":7},"1":{"name":"(anonymous_1)","decl":{"start":{"line":17,"column":2},"end":{"line":17,"column":3}},"loc":{"start":{"line":17,"column":37},"end":{"line":37,"column":3}},"line":17},"2":{"name":"(anonymous_2)","decl":{"start":{"line":39,"column":2},"end":{"line":39,"column":3}},"loc":{"start":{"line":39,"column":38},"end":{"line":112,"column":3}},"line":39}},"branchMap":{"0":{"loc":{"start":{"line":22,"column":6},"end":{"line":24,"column":7}},"type":"if","locations":[{"start":{"line":22,"column":6},"end":{"line":24,"column":7}},{"start":{},"end":{}}],"line":22},"1":{"loc":{"start":{"line":27,"column":6},"end":{"line":29,"column":7}},"type":"if","locations":[{"start":{"line":27,"column":6},"end":{"line":29,"column":7}},{"start":{},"end":{}}],"line":27},"2":{"loc":{"start":{"line":42,"column":6},"end":{"line":44,"column":7}},"type":"if","locations":[{"start":{"line":42,"column":6},"end":{"line":44,"column":7}},{"start":{},"end":{}}],"line":42},"3":{"loc":{"start":{"line":62,"column":6},"end":{"line":103,"column":7}},"type":"if","locations":[{"start":{"line":62,"column":6},"end":{"line":103,"column":7}},{"start":{"line":66,"column":13},"end":{"line":103,"column":7}}],"line":62},"4":{"loc":{"start":{"line":73,"column":8},"end":{"line":102,"column":9}},"type":"if","locations":[{"start":{"line":73,"column":8},"end":{"line":102,"column":9}},{"start":{"line":86,"column":15},"end":{"line":102,"column":9}}],"line":73},"5":{"loc":{"start":{"line":76,"column":10},"end":{"line":82,"column":11}},"type":"if","locations":[{"start":{"line":76,"column":10},"end":{"line":82,"column":11}},{"start":{},"end":{}}],"line":76},"6":{"loc":{"start":{"line":79,"column":20},"end":{"line":79,"column":45}},"type":"binary-expr","locations":[{"start":{"line":79,"column":20},"end":{"line":79,"column":32}},{"start":{"line":79,"column":36},"end":{"line":79,"column":45}}],"line":79}},"s":{"0":3,"1":3,"2":3,"3":3,"4":10,"5":10,"6":4,"7":6,"8":6,"9":8,"10":8,"11":8,"12":6,"13":2,"14":4,"15":4,"16":2,"17":2,"18":2,"19":2,"20":2,"21":0,"22":0,"23":0,"24":0,"25":0,"26":0,"27":0,"28":0,"29":0,"30":0,"31":0,"32":0,"33":0,"34":0,"35":0,"36":0,"37":0,"38":0,"39":0,"40":0,"41":0,"42":3},"f":{"0":10,"1":8,"2":0},"b":{"0":[2,4],"1":[2,2],"2":[0,0],"3":[0,0],"4":[0,0],"5":[0,0],"6":[0,0]},"_coverageSchema":"1a1c01bbd47fc00a2c39e90264f33305004495a9","hash":"a711e04f65662f03b60b8734c914379448d6129d"}
,"C:\\Users\\LENOVO\\Downloads\\Phase 2 Hactiv\\IP-HCK84\\server IP-1\\helpers\\bcrypts.js": {"path":"C:\\Users\\LENOVO\\Downloads\\Phase 2 Hactiv\\IP-HCK84\\server IP-1\\helpers\\bcrypts.js","statementMap":{"0":{"start":{"line":1,"column":15},"end":{"line":1,"column":34}},"1":{"start":{"line":2,"column":21},"end":{"line":5,"column":1}},"2":{"start":{"line":3,"column":15},"end":{"line":3,"column":37}},"3":{"start":{"line":4,"column":2},"end":{"line":4,"column":41}},"4":{"start":{"line":7,"column":24},"end":{"line":9,"column":1}},"5":{"start":{"line":8,"column":2},"end":{"line":8,"column":54}},"6":{"start":{"line":11,"column":0},"end":{"line":14,"column":2}}},"fnMap":{"0":{"name":"(anonymous_0)","decl":{"start":{"line":2,"column":21},"end":{"line":2,"column":22}},"loc":{"start":{"line":2,"column":35},"end":{"line":5,"column":1}},"line":2},"1":{"name":"(anonymous_1)","decl":{"start":{"line":7,"column":24},"end":{"line":7,"column":25}},"loc":{"start":{"line":7,"column":54},"end":{"line":9,"column":1}},"line":7}},"branchMap":{},"s":{"0":3,"1":3,"2":0,"3":0,"4":3,"5":0,"6":3},"f":{"0":0,"1":0},"b":{},"_coverageSchema":"1a1c01bbd47fc00a2c39e90264f33305004495a9","hash":"6b8398d5d70292c23fc7c9e1586041dd8c409e0d"}
,"C:\\Users\\LENOVO\\Downloads\\Phase 2 Hactiv\\IP-HCK84\\server IP-1\\helpers\\jwt.js": {"path":"C:\\Users\\LENOVO\\Downloads\\Phase 2 Hactiv\\IP-HCK84\\server IP-1\\helpers\\jwt.js","statementMap":{"0":{"start":{"line":1,"column":12},"end":{"line":1,"column":35}},"1":{"start":{"line":2,"column":19},"end":{"line":2,"column":41}},"2":{"start":{"line":4,"column":18},"end":{"line":6,"column":1}},"3":{"start":{"line":5,"column":2},"end":{"line":5,"column":36}},"4":{"start":{"line":8,"column":20},"end":{"line":10,"column":1}},"5":{"start":{"line":9,"column":2},"end":{"line":9,"column":39}},"6":{"start":{"line":12,"column":0},"end":{"line":15,"column":2}}},"fnMap":{"0":{"name":"(anonymous_0)","decl":{"start":{"line":4,"column":18},"end":{"line":4,"column":19}},"loc":{"start":{"line":4,"column":28},"end":{"line":6,"column":1}},"line":4},"1":{"name":"(anonymous_1)","decl":{"start":{"line":8,"column":20},"end":{"line":8,"column":21}},"loc":{"start":{"line":8,"column":31},"end":{"line":10,"column":1}},"line":8}},"branchMap":{},"s":{"0":3,"1":3,"2":3,"3":0,"4":3,"5":0,"6":3},"f":{"0":0,"1":0},"b":{},"_coverageSchema":"1a1c01bbd47fc00a2c39e90264f33305004495a9","hash":"bf0bfb57aa0379760041d14d04d2a6fd106d2f59"}
,"C:\\Users\\LENOVO\\Downloads\\Phase 2 Hactiv\\IP-HCK84\\server IP-1\\middlewares\\errorHandler.js": {"path":"C:\\Users\\LENOVO\\Downloads\\Phase 2 Hactiv\\IP-HCK84\\server IP-1\\middlewares\\errorHandler.js","statementMap":{"0":{"start":{"line":1,"column":21},"end":{"line":26,"column":1}},"1":{"start":{"line":2,"column":2},"end":{"line":2,"column":19}},"2":{"start":{"line":4,"column":2},"end":{"line":25,"column":3}},"3":{"start":{"line":7,"column":6},"end":{"line":7,"column":63}},"4":{"start":{"line":8,"column":6},"end":{"line":8,"column":13}},"5":{"start":{"line":10,"column":6},"end":{"line":10,"column":53}},"6":{"start":{"line":11,"column":6},"end":{"line":11,"column":13}},"7":{"start":{"line":14,"column":6},"end":{"line":14,"column":57}},"8":{"start":{"line":15,"column":6},"end":{"line":15,"column":13}},"9":{"start":{"line":17,"column":6},"end":{"line":17,"column":58}},"10":{"start":{"line":18,"column":6},"end":{"line":18,"column":13}},"11":{"start":{"line":20,"column":6},"end":{"line":20,"column":60}},"12":{"start":{"line":21,"column":6},"end":{"line":21,"column":13}},"13":{"start":{"line":23,"column":6},"end":{"line":23,"column":65}},"14":{"start":{"line":24,"column":6},"end":{"line":24,"column":13}},"15":{"start":{"line":28,"column":0},"end":{"line":28,"column":30}}},"fnMap":{"0":{"name":"(anonymous_0)","decl":{"start":{"line":1,"column":21},"end":{"line":1,"column":22}},"loc":{"start":{"line":1,"column":46},"end":{"line":26,"column":1}},"line":1}},"branchMap":{"0":{"loc":{"start":{"line":4,"column":2},"end":{"line":25,"column":3}},"type":"switch","locations":[{"start":{"line":5,"column":4},"end":{"line":5,"column":36}},{"start":{"line":6,"column":4},"end":{"line":8,"column":13}},{"start":{"line":9,"column":4},"end":{"line":11,"column":13}},{"start":{"line":12,"column":4},"end":{"line":12,"column":24}},{"start":{"line":13,"column":4},"end":{"line":15,"column":13}},{"start":{"line":16,"column":4},"end":{"line":18,"column":13}},{"start":{"line":19,"column":4},"end":{"line":21,"column":13}},{"start":{"line":22,"column":4},"end":{"line":24,"column":13}}],"line":4}},"s":{"0":3,"1":35,"2":35,"3":4,"4":4,"5":0,"6":0,"7":0,"8":0,"9":0,"10":0,"11":0,"12":0,"13":31,"14":31,"15":3},"f":{"0":35},"b":{"0":[2,4,0,0,0,0,0,31]},"_coverageSchema":"1a1c01bbd47fc00a2c39e90264f33305004495a9","hash":"ad2e06de6c07af3edb9957a06c53896351d48e9e"}
,"C:\\Users\\LENOVO\\Downloads\\Phase 2 Hactiv\\IP-HCK84\\server IP-1\\models\\index.js": {"path":"C:\\Users\\LENOVO\\Downloads\\Phase 2 Hactiv\\IP-HCK84\\server IP-1\\models\\index.js","statementMap":{"0":{"start":{"line":3,"column":11},"end":{"line":3,"column":24}},"1":{"start":{"line":4,"column":13},"end":{"line":4,"column":28}},"2":{"start":{"line":5,"column":18},"end":{"line":5,"column":38}},"3":{"start":{"line":6,"column":16},"end":{"line":6,"column":34}},"4":{"start":{"line":7,"column":17},"end":{"line":7,"column":42}},"5":{"start":{"line":8,"column":12},"end":{"line":8,"column":49}},"6":{"start":{"line":9,"column":15},"end":{"line":9,"column":65}},"7":{"start":{"line":10,"column":11},"end":{"line":10,"column":13}},"8":{"start":{"line":13,"column":0},"end":{"line":17,"column":1}},"9":{"start":{"line":14,"column":2},"end":{"line":14,"column":74}},"10":{"start":{"line":16,"column":2},"end":{"line":16,"column":87}},"11":{"start":{"line":19,"column":0},"end":{"line":32,"column":5}},"12":{"start":{"line":22,"column":4},"end":{"line":27,"column":6}},"13":{"start":{"line":30,"column":18},"end":{"line":30,"column":85}},"14":{"start":{"line":31,"column":4},"end":{"line":31,"column":27}},"15":{"start":{"line":34,"column":0},"end":{"line":38,"column":3}},"16":{"start":{"line":35,"column":2},"end":{"line":37,"column":3}},"17":{"start":{"line":36,"column":4},"end":{"line":36,"column":32}},"18":{"start":{"line":40,"column":0},"end":{"line":40,"column":25}},"19":{"start":{"line":41,"column":0},"end":{"line":41,"column":25}},"20":{"start":{"line":43,"column":0},"end":{"line":43,"column":20}}},"fnMap":{"0":{"name":"(anonymous_0)","decl":{"start":{"line":21,"column":10},"end":{"line":21,"column":11}},"loc":{"start":{"line":21,"column":18},"end":{"line":28,"column":3}},"line":21},"1":{"name":"(anonymous_1)","decl":{"start":{"line":29,"column":11},"end":{"line":29,"column":12}},"loc":{"start":{"line":29,"column":19},"end":{"line":32,"column":3}},"line":29},"2":{"name":"(anonymous_2)","decl":{"start":{"line":34,"column":24},"end":{"line":34,"column":25}},"loc":{"start":{"line":34,"column":37},"end":{"line":38,"column":1}},"line":34}},"branchMap":{"0":{"loc":{"start":{"line":8,"column":12},"end":{"line":8,"column":49}},"type":"binary-expr","locations":[{"start":{"line":8,"column":12},"end":{"line":8,"column":32}},{"start":{"line":8,"column":36},"end":{"line":8,"column":49}}],"line":8},"1":{"loc":{"start":{"line":13,"column":0},"end":{"line":17,"column":1}},"type":"if","locations":[{"start":{"line":13,"column":0},"end":{"line":17,"column":1}},{"start":{"line":15,"column":7},"end":{"line":17,"column":1}}],"line":13},"2":{"loc":{"start":{"line":23,"column":6},"end":{"line":26,"column":37}},"type":"binary-expr","locations":[{"start":{"line":23,"column":6},"end":{"line":23,"column":29}},{"start":{"line":24,"column":6},"end":{"line":24,"column":23}},{"start":{"line":25,"column":6},"end":{"line":25,"column":30}},{"start":{"line":26,"column":6},"end":{"line":26,"column":37}}],"line":23},"3":{"loc":{"start":{"line":35,"column":2},"end":{"line":37,"column":3}},"type":"if","locations":[{"start":{"line":35,"column":2},"end":{"line":37,"column":3}},{"start":{},"end":{}}],"line":35}},"s":{"0":3,"1":3,"2":3,"3":3,"4":3,"5":3,"6":3,"7":3,"8":3,"9":0,"10":3,"11":3,"12":6,"13":3,"14":3,"15":3,"16":3,"17":3,"18":3,"19":3,"20":3},"f":{"0":6,"1":3,"2":3},"b":{"0":[3,0],"1":[0,3],"2":[6,6,3,3],"3":[3,0]},"_coverageSchema":"1a1c01bbd47fc00a2c39e90264f33305004495a9","hash":"9ba77dd51aa23e42b2ee26d6aa38690b4ec08aa2"}
,"C:\\Users\\LENOVO\\Downloads\\Phase 2 Hactiv\\IP-HCK84\\server IP-1\\models\\user.js": {"path":"C:\\Users\\LENOVO\\Downloads\\Phase 2 Hactiv\\IP-HCK84\\server IP-1\\models\\user.js","statementMap":{"0":{"start":{"line":2,"column":18},"end":{"line":2,"column":38}},"1":{"start":{"line":3,"column":25},"end":{"line":3,"column":54}},"2":{"start":{"line":5,"column":0},"end":{"line":108,"column":2}},"3":{"start":{"line":16,"column":2},"end":{"line":96,"column":4}},"4":{"start":{"line":100,"column":2},"end":{"line":105,"column":5}},"5":{"start":{"line":102,"column":4},"end":{"line":104,"column":5}},"6":{"start":{"line":103,"column":6},"end":{"line":103,"column":50}},"7":{"start":{"line":107,"column":2},"end":{"line":107,"column":14}}},"fnMap":{"0":{"name":"(anonymous_0)","decl":{"start":{"line":5,"column":17},"end":{"line":5,"column":18}},"loc":{"start":{"line":5,"column":43},"end":{"line":108,"column":1}},"line":5},"1":{"name":"(anonymous_1)","decl":{"start":{"line":12,"column":4},"end":{"line":12,"column":5}},"loc":{"start":{"line":12,"column":29},"end":{"line":14,"column":5}},"line":12},"2":{"name":"(anonymous_2)","decl":{"start":{"line":100,"column":20},"end":{"line":100,"column":21}},"loc":{"start":{"line":100,"column":30},"end":{"line":105,"column":3}},"line":100}},"branchMap":{"0":{"loc":{"start":{"line":102,"column":4},"end":{"line":104,"column":5}},"type":"if","locations":[{"start":{"line":102,"column":4},"end":{"line":104,"column":5}},{"start":{},"end":{}}],"line":102}},"s":{"0":3,"1":3,"2":3,"3":3,"4":3,"5":0,"6":0,"7":3},"f":{"0":3,"1":3,"2":0},"b":{"0":[0,0]},"_coverageSchema":"1a1c01bbd47fc00a2c39e90264f33305004495a9","hash":"38f7d654c38b21a2ae37e7e0989c423d6612aeee"}
,"C:\\Users\\LENOVO\\Downloads\\Phase 2 Hactiv\\IP-HCK84\\server IP-1\\routes\\authenticRoutes.js": {"path":"C:\\Users\\LENOVO\\Downloads\\Phase 2 Hactiv\\IP-HCK84\\server IP-1\\routes\\authenticRoutes.js","statementMap":{"0":{"start":{"line":1,"column":16},"end":{"line":1,"column":34}},"1":{"start":{"line":2,"column":15},"end":{"line":2,"column":31}},"2":{"start":{"line":3,"column":23},"end":{"line":3,"column":63}},"3":{"start":{"line":5,"column":0},"end":{"line":5,"column":42}},"4":{"start":{"line":6,"column":0},"end":{"line":6,"column":44}},"5":{"start":{"line":7,"column":0},"end":{"line":7,"column":46}},"6":{"start":{"line":8,"column":0},"end":{"line":10,"column":3}},"7":{"start":{"line":9,"column":2},"end":{"line":9,"column":18}},"8":{"start":{"line":12,"column":0},"end":{"line":12,"column":24}}},"fnMap":{"0":{"name":"(anonymous_0)","decl":{"start":{"line":8,"column":19},"end":{"line":8,"column":20}},"loc":{"start":{"line":8,"column":33},"end":{"line":10,"column":1}},"line":8}},"branchMap":{},"s":{"0":3,"1":3,"2":3,"3":3,"4":3,"5":3,"6":3,"7":2,"8":3},"f":{"0":2},"b":{},"_coverageSchema":"1a1c01bbd47fc00a2c39e90264f33305004495a9","hash":"5da67671736f5b8b6d6f61cb6fb1cac576102662"}
,"C:\\Users\\LENOVO\\Downloads\\Phase 2 Hactiv\\IP-HCK84\\server IP-1\\routes\\homeRoutes.js": {"path":"C:\\Users\\LENOVO\\Downloads\\Phase 2 Hactiv\\IP-HCK84\\server IP-1\\routes\\homeRoutes.js","statementMap":{"0":{"start":{"line":1,"column":16},"end":{"line":1,"column":34}},"1":{"start":{"line":2,"column":26},"end":{"line":2,"column":69}},"2":{"start":{"line":4,"column":15},"end":{"line":4,"column":31}},"3":{"start":{"line":9,"column":0},"end":{"line":9,"column":48}},"4":{"start":{"line":10,"column":0},"end":{"line":10,"column":53}},"5":{"start":{"line":11,"column":0},"end":{"line":11,"column":56}},"6":{"start":{"line":12,"column":0},"end":{"line":12,"column":59}},"7":{"start":{"line":13,"column":0},"end":{"line":13,"column":58}},"8":{"start":{"line":15,"column":0},"end":{"line":17,"column":3}},"9":{"start":{"line":16,"column":2},"end":{"line":16,"column":18}},"10":{"start":{"line":19,"column":0},"end":{"line":19,"column":24}}},"fnMap":{"0":{"name":"(anonymous_0)","decl":{"start":{"line":15,"column":19},"end":{"line":15,"column":20}},"loc":{"start":{"line":15,"column":33},"end":{"line":17,"column":1}},"line":15}},"branchMap":{},"s":{"0":3,"1":3,"2":3,"3":3,"4":3,"5":3,"6":3,"7":3,"8":3,"9":2,"10":3},"f":{"0":2},"b":{},"_coverageSchema":"1a1c01bbd47fc00a2c39e90264f33305004495a9","hash":"2859e1361d51adaf8ed5624a112d31983b04b81f"}
,"C:\\Users\\LENOVO\\Downloads\\Phase 2 Hactiv\\IP-HCK84\\server IP-1\\routes\\index.js": {"path":"C:\\Users\\LENOVO\\Downloads\\Phase 2 Hactiv\\IP-HCK84\\server IP-1\\routes\\index.js","statementMap":{"0":{"start":{"line":1,"column":16},"end":{"line":1,"column":34}},"1":{"start":{"line":2,"column":15},"end":{"line":2,"column":31}},"2":{"start":{"line":4,"column":27},"end":{"line":4,"column":58}},"3":{"start":{"line":5,"column":19},"end":{"line":5,"column":42}},"4":{"start":{"line":6,"column":24},"end":{"line":6,"column":52}},"5":{"start":{"line":9,"column":0},"end":{"line":9,"column":49}},"6":{"start":{"line":10,"column":0},"end":{"line":10,"column":46}},"7":{"start":{"line":11,"column":0},"end":{"line":11,"column":39}},"8":{"start":{"line":13,"column":0},"end":{"line":13,"column":24}}},"fnMap":{},"branchMap":{},"s":{"0":3,"1":3,"2":3,"3":3,"4":3,"5":3,"6":3,"7":3,"8":3},"f":{},"b":{},"_coverageSchema":"1a1c01bbd47fc00a2c39e90264f33305004495a9","hash":"c4a74fe4bd751ed5a6eeced6ecb444f499113cb6"}
,"C:\\Users\\LENOVO\\Downloads\\Phase 2 Hactiv\\IP-HCK84\\server IP-1\\routes\\requirementsRoutes.js": {"path":"C:\\Users\\LENOVO\\Downloads\\Phase 2 Hactiv\\IP-HCK84\\server IP-1\\routes\\requirementsRoutes.js","statementMap":{"0":{"start":{"line":1,"column":16},"end":{"line":1,"column":34}},"1":{"start":{"line":3,"column":28},"end":{"line":3,"column":73}},"2":{"start":{"line":4,"column":15},"end":{"line":4,"column":31}},"3":{"start":{"line":5,"column":23},"end":{"line":5,"column":61}},"4":{"start":{"line":7,"column":0},"end":{"line":7,"column":27}},"5":{"start":{"line":9,"column":0},"end":{"line":9,"column":57}},"6":{"start":{"line":10,"column":0},"end":{"line":12,"column":3}},"7":{"start":{"line":11,"column":2},"end":{"line":11,"column":18}},"8":{"start":{"line":14,"column":0},"end":{"line":14,"column":24}}},"fnMap":{"0":{"name":"(anonymous_0)","decl":{"start":{"line":10,"column":19},"end":{"line":10,"column":20}},"loc":{"start":{"line":10,"column":33},"end":{"line":12,"column":1}},"line":10}},"branchMap":{},"s":{"0":3,"1":3,"2":3,"3":3,"4":3,"5":3,"6":3,"7":2,"8":3},"f":{"0":2},"b":{},"_coverageSchema":"1a1c01bbd47fc00a2c39e90264f33305004495a9","hash":"47bb36e8f0158acdfbb6840cd359e012d01a03aa"}
,"C:\\Users\\LENOVO\\Downloads\\Phase 2 Hactiv\\IP-HCK84\\server IP-1\\services\\geminiService.js": {"path":"C:\\Users\\LENOVO\\Downloads\\Phase 2 Hactiv\\IP-HCK84\\server IP-1\\services\\geminiService.js","statementMap":{"0":{"start":{"line":1,"column":30},"end":{"line":1,"column":54}},"1":{"start":{"line":3,"column":11},"end":{"line":3,"column":66}},"2":{"start":{"line":10,"column":2},"end":{"line":10,"column":43}},"3":{"start":{"line":20,"column":19},"end":{"line":27,"column":4}},"4":{"start":{"line":29,"column":14},"end":{"line":29,"column":27}},"5":{"start":{"line":31,"column":2},"end":{"line":40,"column":3}},"6":{"start":{"line":32,"column":4},"end":{"line":32,"column":47}},"7":{"start":{"line":34,"column":4},"end":{"line":34,"column":61}},"8":{"start":{"line":35,"column":4},"end":{"line":39,"column":6}},"9":{"start":{"line":43,"column":0},"end":{"line":43,"column":40}}},"fnMap":{"0":{"name":"sanitizeJsonString","decl":{"start":{"line":9,"column":9},"end":{"line":9,"column":27}},"loc":{"start":{"line":9,"column":33},"end":{"line":11,"column":1}},"line":9},"1":{"name":"generateStructured","decl":{"start":{"line":19,"column":15},"end":{"line":19,"column":33}},"loc":{"start":{"line":19,"column":62},"end":{"line":41,"column":1}},"line":19}},"branchMap":{},"s":{"0":1,"1":1,"2":0,"3":0,"4":0,"5":0,"6":0,"7":0,"8":0,"9":1},"f":{"0":0,"1":0},"b":{},"_coverageSchema":"1a1c01bbd47fc00a2c39e90264f33305004495a9","hash":"293326275e8bff66a2fb0ff3ad4406b6b655a4a7"}
}
