TN:
SF:app.js
FN:27,(anonymous_0)
FN:40,(anonymous_1)
FN:54,(anonymous_2)
FNF:3
FNH:2
FNDA:5,(anonymous_0)
FNDA:2,(anonymous_1)
FNDA:0,(anonymous_2)
DA:1,3
DA:2,3
DA:3,3
DA:5,3
DA:7,3
DA:12,3
DA:16,3
DA:23,3
DA:24,3
DA:27,3
DA:28,5
DA:37,3
DA:40,3
DA:41,2
DA:48,3
DA:51,3
DA:53,3
DA:54,0
DA:55,0
DA:56,0
DA:60,3
LF:21
LH:18
BRDA:18,0,0,3
BRDA:18,0,1,3
BRDA:51,1,0,3
BRDA:51,1,1,3
BRDA:53,2,0,0
BRDA:53,2,1,3
BRDA:56,3,0,0
BRDA:56,3,1,0
BRF:8
BRH:5
end_of_record
TN:
SF:controllers\codecheckController.js
FN:63,(anonymous_0)
FN:72,(anonymous_1)
FNF:2
FNH:1
FNDA:0,(anonymous_0)
FNDA:26,(anonymous_1)
DA:1,3
DA:2,3
DA:5,3
DA:9,3
DA:52,3
DA:64,0
DA:65,0
DA:66,0
DA:67,0
DA:69,0
DA:73,26
DA:74,26
DA:76,26
DA:80,26
DA:83,26
DA:88,6
DA:93,20
DA:94,6
DA:99,14
DA:101,4
DA:104,4
DA:114,10
DA:159,10
DA:167,6
DA:179,6
DA:197,2
DA:206,24
DA:207,24
DA:212,24
DA:213,18
DA:214,6
DA:217,2
DA:222,4
DA:227,3
LF:34
LH:29
BRDA:83,0,0,6
BRDA:83,0,1,20
BRDA:84,1,0,26
BRDA:84,1,1,24
BRDA:84,1,2,22
BRDA:93,2,0,6
BRDA:93,2,1,14
BRDA:93,3,0,20
BRDA:93,3,1,16
BRDA:93,3,2,14
BRDA:99,4,0,4
BRDA:99,4,1,10
BRDA:212,5,0,18
BRDA:212,5,1,6
BRDA:212,6,0,24
BRDA:212,6,1,10
BRDA:214,7,0,2
BRDA:214,7,1,4
BRDA:218,8,0,2
BRDA:218,8,1,0
BRF:20
BRH:19
end_of_record
TN:
SF:controllers\todoistController.js
FN:7,(anonymous_0)
FN:26,(anonymous_1)
FN:60,(anonymous_2)
FN:168,(anonymous_3)
FN:209,(anonymous_4)
FN:244,(anonymous_5)
FNF:6
FNH:5
FNDA:24,(anonymous_0)
FNDA:6,(anonymous_1)
FNDA:8,(anonymous_2)
FNDA:6,(anonymous_3)
FNDA:4,(anonymous_4)
FNDA:0,(anonymous_5)
DA:1,3
DA:4,3
DA:8,24
DA:10,24
DA:12,20
DA:15,20
DA:21,4
DA:27,6
DA:28,6
DA:29,6
DA:30,4
DA:32,4
DA:44,1
DA:46,5
DA:48,5
DA:61,8
DA:62,8
DA:63,8
DA:64,0
DA:66,0
DA:68,0
DA:74,0
DA:81,0
DA:84,0
DA:89,0
DA:91,0
DA:102,0
DA:103,0
DA:106,0
DA:107,0
DA:108,0
DA:112,0
DA:115,0
DA:122,0
DA:132,0
DA:135,0
DA:136,0
DA:148,0
DA:154,8
DA:155,8
DA:169,6
DA:170,6
DA:171,0
DA:172,0
DA:174,0
DA:175,0
DA:180,0
DA:181,0
DA:185,0
DA:196,0
DA:198,6
DA:199,6
DA:210,4
DA:211,4
DA:212,0
DA:214,0
DA:215,0
DA:221,0
DA:230,0
DA:232,4
DA:233,4
DA:245,0
DA:246,0
DA:247,0
DA:249,0
DA:250,0
DA:256,0
DA:265,0
DA:267,0
DA:268,0
DA:278,3
LF:71
LH:29
BRDA:10,0,0,20
BRDA:10,0,1,4
BRDA:51,1,0,5
BRDA:51,1,1,4
BRDA:53,2,0,5
BRDA:53,2,1,4
BRDA:68,3,0,0
BRDA:68,3,1,0
BRDA:69,4,0,0
BRDA:69,4,1,0
BRDA:69,4,2,0
BRDA:69,4,3,0
BRDA:107,5,0,0
BRDA:107,5,1,0
BRDA:135,6,0,0
BRDA:135,6,1,0
BRDA:158,7,0,8
BRDA:158,7,1,8
BRDA:160,8,0,8
BRDA:160,8,1,8
BRDA:174,9,0,0
BRDA:174,9,1,0
BRDA:180,10,0,0
BRDA:180,10,1,0
BRDA:202,11,0,6
BRDA:202,11,1,6
BRDA:203,12,0,6
BRDA:203,12,1,6
BRDA:214,13,0,0
BRDA:214,13,1,0
BRDA:236,14,0,4
BRDA:236,14,1,4
BRDA:237,15,0,4
BRDA:237,15,1,4
BRDA:249,16,0,0
BRDA:249,16,1,0
BRDA:271,17,0,0
BRDA:271,17,1,0
BRDA:272,18,0,0
BRDA:272,18,1,0
BRF:40
BRH:18
end_of_record
TN:
SF:controllers\userController.js
FN:7,(anonymous_0)
FN:17,(anonymous_1)
FN:39,(anonymous_2)
FNF:3
FNH:2
FNDA:10,(anonymous_0)
FNDA:8,(anonymous_1)
FNDA:0,(anonymous_2)
DA:1,3
DA:2,3
DA:3,3
DA:4,3
DA:8,10
DA:9,10
DA:10,4
DA:12,6
DA:13,6
DA:18,8
DA:19,8
DA:20,8
DA:22,6
DA:23,2
DA:26,4
DA:27,4
DA:28,2
DA:31,2
DA:32,2
DA:34,2
DA:35,2
DA:40,0
DA:41,0
DA:42,0
DA:43,0
DA:46,0
DA:48,0
DA:52,0
DA:58,0
DA:62,0
DA:65,0
DA:69,0
DA:73,0
DA:76,0
DA:77,0
DA:81,0
DA:89,0
DA:101,0
DA:106,0
DA:107,0
DA:109,0
DA:110,0
DA:114,3
LF:43
LH:22
BRDA:22,0,0,2
BRDA:22,0,1,4
BRDA:27,1,0,2
BRDA:27,1,1,2
BRDA:42,2,0,0
BRDA:42,2,1,0
BRDA:62,3,0,0
BRDA:62,3,1,0
BRDA:73,4,0,0
BRDA:73,4,1,0
BRDA:76,5,0,0
BRDA:76,5,1,0
BRDA:79,6,0,0
BRDA:79,6,1,0
BRF:14
BRH:4
end_of_record
TN:
SF:helpers\bcrypts.js
FN:2,(anonymous_0)
FN:7,(anonymous_1)
FNF:2
FNH:0
FNDA:0,(anonymous_0)
FNDA:0,(anonymous_1)
DA:1,3
DA:2,3
DA:3,0
DA:4,0
DA:7,3
DA:8,0
DA:11,3
LF:7
LH:4
BRF:0
BRH:0
end_of_record
TN:
SF:helpers\jwt.js
FN:4,(anonymous_0)
FN:8,(anonymous_1)
FNF:2
FNH:0
FNDA:0,(anonymous_0)
FNDA:0,(anonymous_1)
DA:1,3
DA:2,3
DA:4,3
DA:5,0
DA:8,3
DA:9,0
DA:12,3
LF:7
LH:5
BRF:0
BRH:0
end_of_record
TN:
SF:middlewares\errorHandler.js
FN:1,(anonymous_0)
FNF:1
FNH:1
FNDA:35,(anonymous_0)
DA:1,3
DA:2,35
DA:4,35
DA:7,4
DA:8,4
DA:10,0
DA:11,0
DA:14,0
DA:15,0
DA:17,0
DA:18,0
DA:20,0
DA:21,0
DA:23,31
DA:24,31
DA:28,3
LF:16
LH:8
BRDA:4,0,0,2
BRDA:4,0,1,4
BRDA:4,0,2,0
BRDA:4,0,3,0
BRDA:4,0,4,0
BRDA:4,0,5,0
BRDA:4,0,6,0
BRDA:4,0,7,31
BRF:8
BRH:3
end_of_record
TN:
SF:models\index.js
FN:21,(anonymous_0)
FN:29,(anonymous_1)
FN:34,(anonymous_2)
FNF:3
FNH:3
FNDA:6,(anonymous_0)
FNDA:3,(anonymous_1)
FNDA:3,(anonymous_2)
DA:3,3
DA:4,3
DA:5,3
DA:6,3
DA:7,3
DA:8,3
DA:9,3
DA:10,3
DA:13,3
DA:14,0
DA:16,3
DA:19,3
DA:22,6
DA:30,3
DA:31,3
DA:34,3
DA:35,3
DA:36,3
DA:40,3
DA:41,3
DA:43,3
LF:21
LH:20
BRDA:8,0,0,3
BRDA:8,0,1,0
BRDA:13,1,0,0
BRDA:13,1,1,3
BRDA:23,2,0,6
BRDA:23,2,1,6
BRDA:23,2,2,3
BRDA:23,2,3,3
BRDA:35,3,0,3
BRDA:35,3,1,0
BRF:10
BRH:7
end_of_record
TN:
SF:models\user.js
FN:5,(anonymous_0)
FN:12,(anonymous_1)
FN:100,(anonymous_2)
FNF:3
FNH:2
FNDA:3,(anonymous_0)
FNDA:3,(anonymous_1)
FNDA:0,(anonymous_2)
DA:2,3
DA:3,3
DA:5,3
DA:16,3
DA:100,3
DA:102,0
DA:103,0
DA:107,3
LF:8
LH:6
BRDA:102,0,0,0
BRDA:102,0,1,0
BRF:2
BRH:0
end_of_record
TN:
SF:routes\authenticRoutes.js
FN:8,(anonymous_0)
FNF:1
FNH:1
FNDA:2,(anonymous_0)
DA:1,3
DA:2,3
DA:3,3
DA:5,3
DA:6,3
DA:7,3
DA:8,3
DA:9,2
DA:12,3
LF:9
LH:9
BRF:0
BRH:0
end_of_record
TN:
SF:routes\homeRoutes.js
FN:15,(anonymous_0)
FNF:1
FNH:1
FNDA:2,(anonymous_0)
DA:1,3
DA:2,3
DA:4,3
DA:9,3
DA:10,3
DA:11,3
DA:12,3
DA:13,3
DA:15,3
DA:16,2
DA:19,3
LF:11
LH:11
BRF:0
BRH:0
end_of_record
TN:
SF:routes\index.js
FNF:0
FNH:0
DA:1,3
DA:2,3
DA:4,3
DA:5,3
DA:6,3
DA:9,3
DA:10,3
DA:11,3
DA:13,3
LF:9
LH:9
BRF:0
BRH:0
end_of_record
TN:
SF:routes\requirementsRoutes.js
FN:10,(anonymous_0)
FNF:1
FNH:1
FNDA:2,(anonymous_0)
DA:1,3
DA:3,3
DA:4,3
DA:5,3
DA:7,3
DA:9,3
DA:10,3
DA:11,2
DA:14,3
LF:9
LH:9
BRF:0
BRH:0
end_of_record
TN:
SF:services\geminiService.js
FN:9,sanitizeJsonString
FN:19,generateStructured
FNF:2
FNH:0
FNDA:0,sanitizeJsonString
FNDA:0,generateStructured
DA:1,1
DA:3,1
DA:10,0
DA:20,0
DA:29,0
DA:31,0
DA:32,0
DA:34,0
DA:35,0
DA:43,1
LF:10
LH:3
BRF:0
BRH:0
end_of_record
